File headers

--------------------------------------------------------------------------------

/Users/zong/gslab_make/gslab_make_dev/private/__init__.py

Head not readable

--------------------------------------------------------------------------------

/Users/zong/gslab_make/gslab_make_dev/private/__init__.pyc

Head not readable

--------------------------------------------------------------------------------

/Users/zong/gslab_make/gslab_make_dev/private/exceptionclasses.py

#! /usr/bin/env python
from __future__ import absolute_import, division, print_function, unicode_literals
from builtins import (bytes, str, open, super, range,
zip, round, input, int, pow, object)

class CustomError(Exception):
def __init__(self, value):
self.value = value

def __str__(self):

--------------------------------------------------------------------------------

/Users/zong/gslab_make/gslab_make_dev/private/exceptionclasses.pyc

Head not readable

--------------------------------------------------------------------------------

/Users/zong/gslab_make/gslab_make_dev/private/linkdirective.py

#! /usr/bin/env python
from __future__ import absolute_import, division, print_function, unicode_literals
from builtins import (bytes, str, open, super, range,
zip, round, input, int, pow, object)

import os
import re
import glob
from itertools import chain
import subprocess

--------------------------------------------------------------------------------

/Users/zong/gslab_make/gslab_make_dev/private/linkdirective.pyc

Head not readable

--------------------------------------------------------------------------------

/Users/zong/gslab_make/gslab_make_dev/private/messages.py

#! /usr/bin/env python
from __future__ import absolute_import, division, print_function, unicode_literals
from builtins import (bytes, str, open, super, range,
zip, round, input, int, pow, object)

######################################################
# Define Messages
######################################################

# 1) Critical Errors

--------------------------------------------------------------------------------

/Users/zong/gslab_make/gslab_make_dev/private/messages.pyc

Head not readable

--------------------------------------------------------------------------------

/Users/zong/gslab_make/gslab_make_dev/private/metadata.py

#! /usr/bin/env python
from __future__ import absolute_import, division, print_function, unicode_literals
from builtins import (bytes, str, open, super, range,
zip, round, input, int, pow, object)

######################################################
# Define Metadata
######################################################

makelog_started = False

--------------------------------------------------------------------------------

/Users/zong/gslab_make/gslab_make_dev/private/metadata.pyc

Head not readable

--------------------------------------------------------------------------------

/Users/zong/gslab_make/gslab_make_dev/private/programdirective.py

#! /usr/bin/env python
from __future__ import absolute_import, division, print_function, unicode_literals
from builtins import (bytes, str, open, super, range,
zip, round, input, int, pow, object)

import os
import subprocess
import shutil

from private.exceptionclasses import CritError

--------------------------------------------------------------------------------

/Users/zong/gslab_make/gslab_make_dev/private/programdirective.pyc

Head not readable

--------------------------------------------------------------------------------

/Users/zong/gslab_make/gslab_make_dev/private/utility.py

#! /usr/bin/env python
from __future__ import absolute_import, division, print_function, unicode_literals
from builtins import (bytes, str, open, super, range,
zip, round, input, int, pow, object)

import os
import datetime
import re
import glob


--------------------------------------------------------------------------------

/Users/zong/gslab_make/gslab_make_dev/private/utility.pyc

Head not readable

--------------------------------------------------------------------------------

