File headers

--------------------------------------------------------------------------------

/Users/zong/gslab_make/output/command.log

Executing: "ls'
__init__.py
create_links.py
create_links.pyc
dir_mod.py
dir_mod.pyc
private
refactor_tests
refactor_tests.py
run_program.py

--------------------------------------------------------------------------------

/Users/zong/gslab_make/output/lyx.pdf

Head not readable

--------------------------------------------------------------------------------

/Users/zong/gslab_make/output/python.log

Executing: "python /Users/zong/gslab_make/gslab_make_dev/refactor_tests/python.py'
c

Head not readable

--------------------------------------------------------------------------------

/Users/zong/gslab_make/output/r.log

Executing: "Rscript --no-save /Users/zong/gslab_make/gslab_make_dev/refactor_tests/r.R'
[1] "c"

Head not readable

--------------------------------------------------------------------------------

/Users/zong/gslab_make/output/stata.log


___  ____  ____  ____  ____ (R)
/__    /   ____/   /   ____/
___/   /   /___/   /   /___/   15.1   Copyright 1985-2017 StataCorp LLC
Statistics/Data Analysis            StataCorp
4905 Lakeway Drive
MP - Parallel Edition            College Station, Texas 77845 USA
800-STATA-PC        http://www.stata.com
979-696-4600        stata@stata.com
979-696-4601 (fax)

--------------------------------------------------------------------------------

